<testsuites id="" name="" tests="9" failures="0" skipped="0" errors="0" time="58.302757">
<testsuite name="auth.spec.ts" timestamp="2025-09-14T16:28:02.798Z" hostname="chromium" tests="3" failures="0" skipped="0" time="7.318" errors="0">
<testcase name="Authentication Flow › should register a new user" classname="auth.spec.ts" time="2.213">
<system-out>
<![CDATA[Using email for chromium: test-chromium@example.com
Intercepted registration request
Registration response status: [33m201[39m
Successfully navigated to dashboard
]]>
</system-out>
</testcase>
<testcase name="Authentication Flow › should login existing user" classname="auth.spec.ts" time="3.667">
</testcase>
<testcase name="Authentication Flow › should show error for invalid login" classname="auth.spec.ts" time="1.438">
</testcase>
</testsuite>
<testsuite name="auth.spec.ts" timestamp="2025-09-14T16:28:02.798Z" hostname="firefox" tests="3" failures="0" skipped="0" time="12.756" errors="0">
<testcase name="Authentication Flow › should register a new user" classname="auth.spec.ts" time="4.928">
<system-out>
<![CDATA[Using email for firefox: test-firefox@example.com
Intercepted registration request
Registration response status: [33m201[39m
Successfully navigated to dashboard
]]>
</system-out>
</testcase>
<testcase name="Authentication Flow › should login existing user" classname="auth.spec.ts" time="5.641">
</testcase>
<testcase name="Authentication Flow › should show error for invalid login" classname="auth.spec.ts" time="2.187">
</testcase>
</testsuite>
<testsuite name="auth.spec.ts" timestamp="2025-09-14T16:28:02.798Z" hostname="webkit" tests="3" failures="0" skipped="0" time="12.794" errors="0">
<testcase name="Authentication Flow › should register a new user" classname="auth.spec.ts" time="4.684">
<system-out>
<![CDATA[Using email for webkit: test-webkit@example.com
Intercepted registration request
Registration response status: [33m201[39m
Successfully navigated to dashboard
]]>
</system-out>
</testcase>
<testcase name="Authentication Flow › should login existing user" classname="auth.spec.ts" time="5.32">
</testcase>
<testcase name="Authentication Flow › should show error for invalid login" classname="auth.spec.ts" time="2.79">
</testcase>
</testsuite>
</testsuites>