<testsuites id="" name="" tests="12" failures="0" skipped="0" errors="0" time="91.325407">
<testsuite name="auth.spec.ts" timestamp="2025-09-14T15:44:04.386Z" hostname="chromium" tests="3" failures="0" skipped="0" time="7.414" errors="0">
<testcase name="Authentication Flow › should register a new user" classname="auth.spec.ts" time="2.692">
<system-out>
<![CDATA[Using email for chromium: test-chromium@example.com
Intercepted registration request
Registration response status: [33m201[39m
Successfully navigated to dashboard
]]>
</system-out>
</testcase>
<testcase name="Authentication Flow › should login existing user" classname="auth.spec.ts" time="3.324">
</testcase>
<testcase name="Authentication Flow › should show error for invalid login" classname="auth.spec.ts" time="1.398">
</testcase>
</testsuite>
<testsuite name="file-upload.spec.ts" timestamp="2025-09-14T15:44:04.386Z" hostname="chromium" tests="1" failures="0" skipped="0" time="3.459" errors="0">
<testcase name="File Upload Flow › should successfully upload a document with complete metadata" classname="file-upload.spec.ts" time="3.459">
</testcase>
</testsuite>
<testsuite name="auth.spec.ts" timestamp="2025-09-14T15:44:04.386Z" hostname="firefox" tests="3" failures="0" skipped="0" time="14.559" errors="0">
<testcase name="Authentication Flow › should register a new user" classname="auth.spec.ts" time="5.329">
<system-out>
<![CDATA[Using email for firefox: test-firefox@example.com
Intercepted registration request
Registration response status: [33m201[39m
Successfully navigated to dashboard
]]>
</system-out>
</testcase>
<testcase name="Authentication Flow › should login existing user" classname="auth.spec.ts" time="6.791">
</testcase>
<testcase name="Authentication Flow › should show error for invalid login" classname="auth.spec.ts" time="2.439">
</testcase>
</testsuite>
<testsuite name="file-upload.spec.ts" timestamp="2025-09-14T15:44:04.386Z" hostname="firefox" tests="1" failures="0" skipped="0" time="7.885" errors="0">
<testcase name="File Upload Flow › should successfully upload a document with complete metadata" classname="file-upload.spec.ts" time="7.885">
</testcase>
</testsuite>
<testsuite name="auth.spec.ts" timestamp="2025-09-14T15:44:04.386Z" hostname="webkit" tests="3" failures="0" skipped="0" time="10.855" errors="0">
<testcase name="Authentication Flow › should register a new user" classname="auth.spec.ts" time="3.727">
<system-out>
<![CDATA[Using email for webkit: test-webkit@example.com
Intercepted registration request
Registration response status: [33m201[39m
Successfully navigated to dashboard
]]>
</system-out>
</testcase>
<testcase name="Authentication Flow › should login existing user" classname="auth.spec.ts" time="5.217">
</testcase>
<testcase name="Authentication Flow › should show error for invalid login" classname="auth.spec.ts" time="1.911">
</testcase>
</testsuite>
<testsuite name="file-upload.spec.ts" timestamp="2025-09-14T15:44:04.386Z" hostname="webkit" tests="1" failures="0" skipped="0" time="5.186" errors="0">
<testcase name="File Upload Flow › should successfully upload a document with complete metadata" classname="file-upload.spec.ts" time="5.186">
</testcase>
</testsuite>
</testsuites>